# JRE version: OpenJDK Runtime Environment Temurin-21.0.8+9 (21.0.8+9) (build 21.0.8+9-LTS)
# Java VM: OpenJDK 64-Bit Server VM Temurin-21.0.8+9 (21.0.8+9-LTS, mixed mode, sharing, tiered, compressed oops, compressed class ptrs, g1 gc, windows-amd64)
GC Precious Log:
 CardTable entry size: 512
 Card Set container configuration: InlinePtr #cards 5 size 8 Array Of Cards #cards 12 size 40 Howl #buckets 4 coarsen threshold 1843 Howl Bitmap #cards 512 size 80 coarsen threshold 460 Card regions per heap region 1 cards per card region 2048
 CPUs: 12 total, 12 available
 Memory: 7399M
 Large Page Support: Disabled
 NUMA Support: Disabled
 Compressed Oops: Enabled (32-bit)
 Heap Region Size: 1M
 Heap Min Capacity: 8M
 Heap Initial Capacity: 116M
 Heap Max Capacity: 1850M
 Pre-touch: Disabled
 Parallel Workers: 10
 Concurrent Workers: 3
 Concurrent Refinement Workers: 10
 Periodic GC: Disabled
Heap:
 garbage-first heap   total 142336K, used 85201K [0x000000008c600000, 0x0000000100000000)
  region size 1024K, 43 young (44032K), 8 survivors (8192K)
 Metaspace       used 83989K, committed 84736K, reserved 1179648K
  class space    used 11704K, committed 12032K, reserved 1048576K
GC Heap History (20 events):
Event: 10.611 GC heap before
{Heap before GC invocations=19 (full 0):
 garbage-first heap   total 75776K, used 65241K [0x000000008c600000, 0x0000000100000000)
  region size 1024K, 28 young (28672K), 2 survivors (2048K)
 Metaspace       used 75385K, committed 76096K, reserved 1179648K
  class space    used 10573K, committed 10880K, reserved 1048576K
}
Event: 10.617 GC heap after
{Heap after GC invocations=20 (full 0):
 garbage-first heap   total 96256K, used 41669K [0x000000008c600000, 0x0000000100000000)
  region size 1024K, 4 young (4096K), 4 survivors (4096K)
 Metaspace       used 75385K, committed 76096K, reserved 1179648K
  class space    used 10573K, committed 10880K, reserved 1048576K
}
Event: 10.836 GC heap before
{Heap before GC invocations=20 (full 0):
 garbage-first heap   total 96256K, used 79557K [0x000000008c600000, 0x0000000100000000)
  region size 1024K, 42 young (43008K), 4 survivors (4096K)
 Metaspace       used 77126K, committed 77824K, reserved 1179648K
  class space    used 10829K, committed 11136K, reserved 1048576K
}
Event: 10.841 GC heap after
{Heap after GC invocations=21 (full 0):
 garbage-first heap   total 96256K, used 42180K [0x000000008c600000, 0x0000000100000000)
  region size 1024K, 3 young (3072K), 3 survivors (3072K)
 Metaspace       used 77126K, committed 77824K, reserved 1179648K
  class space    used 10829K, committed 11136K, reserved 1048576K
}
Event: 10.921 GC heap before
{Heap before GC invocations=22 (full 0):
 garbage-first heap   total 96256K, used 82116K [0x000000008c600000, 0x0000000100000000)
  region size 1024K, 42 young (43008K), 3 survivors (3072K)
 Metaspace       used 77129K, committed 77824K, reserved 1179648K
  class space    used 10829K, committed 11136K, reserved 1048576K
}
Event: 10.925 GC heap after
{Heap after GC invocations=23 (full 0):
 garbage-first heap   total 96256K, used 42613K [0x000000008c600000, 0x0000000100000000)
  region size 1024K, 4 young (4096K), 4 survivors (4096K)
 Metaspace       used 77129K, committed 77824K, reserved 1179648K
  class space    used 10829K, committed 11136K, reserved 1048576K
}
Event: 11.014 GC heap before
{Heap before GC invocations=23 (full 0):
 garbage-first heap   total 96256K, used 83573K [0x000000008c600000, 0x0000000100000000)
  region size 1024K, 44 young (45056K), 4 survivors (4096K)
 Metaspace       used 77184K, committed 77824K, reserved 1179648K
  class space    used 10839K, committed 11136K, reserved 1048576K
}
Event: 11.019 GC heap after
{Heap after GC invocations=24 (full 0):
 garbage-first heap   total 96256K, used 42733K [0x000000008c600000, 0x0000000100000000)
  region size 1024K, 3 young (3072K), 3 survivors (3072K)
 Metaspace       used 77184K, committed 77824K, reserved 1179648K
  class space    used 10839K, committed 11136K, reserved 1048576K
}
Event: 11.122 GC heap before
{Heap before GC invocations=24 (full 0):
 garbage-first heap   total 96256K, used 85741K [0x000000008c600000, 0x0000000100000000)
  region size 1024K, 45 young (46080K), 3 survivors (3072K)
 Metaspace       used 77290K, committed 77952K, reserved 1179648K
  class space    used 10851K, committed 11136K, reserved 1048576K
}
Event: 11.129 GC heap after
{Heap after GC invocations=25 (full 0):
 garbage-first heap   total 96256K, used 46591K [0x000000008c600000, 0x0000000100000000)
  region size 1024K, 6 young (6144K), 6 survivors (6144K)
 Metaspace       used 77290K, committed 77952K, reserved 1179648K
  class space    used 10851K, committed 11136K, reserved 1048576K
}
Event: 11.211 GC heap before
{Heap before GC invocations=26 (full 0):
 garbage-first heap   total 96256K, used 82431K [0x000000008c600000, 0x0000000100000000)
  region size 1024K, 42 young (43008K), 6 survivors (6144K)
 Metaspace       used 77341K, committed 78016K, reserved 1179648K
  class space    used 10852K, committed 11136K, reserved 1048576K
}
Event: 11.218 GC heap after
{Heap after GC invocations=27 (full 0):
 garbage-first heap   total 142336K, used 48501K [0x000000008c600000, 0x0000000100000000)
  region size 1024K, 3 young (3072K), 3 survivors (3072K)
 Metaspace       used 77341K, committed 78016K, reserved 1179648K
  class space    used 10852K, committed 11136K, reserved 1048576K
}
Event: 11.424 GC heap before
{Heap before GC invocations=27 (full 0):
 garbage-first heap   total 142336K, used 123253K [0x000000008c600000, 0x0000000100000000)
  region size 1024K, 76 young (77824K), 3 survivors (3072K)
 Metaspace       used 77653K, committed 78336K, reserved 1179648K
  class space    used 10891K, committed 11200K, reserved 1048576K
}
Event: 11.429 GC heap after
{Heap after GC invocations=28 (full 0):
 garbage-first heap   total 142336K, used 48593K [0x000000008c600000, 0x0000000100000000)
  region size 1024K, 3 young (3072K), 3 survivors (3072K)
 Metaspace       used 77653K, committed 78336K, reserved 1179648K
  class space    used 10891K, committed 11200K, reserved 1048576K
}
Event: 11.549 GC heap before
{Heap before GC invocations=28 (full 0):
 garbage-first heap   total 142336K, used 130513K [0x000000008c600000, 0x0000000100000000)
  region size 1024K, 83 young (84992K), 3 survivors (3072K)
 Metaspace       used 77790K, committed 78464K, reserved 1179648K
  class space    used 10903K, committed 11200K, reserved 1048576K
}
Event: 11.558 GC heap after
{Heap after GC invocations=29 (full 0):
 garbage-first heap   total 142336K, used 50921K [0x000000008c600000, 0x0000000100000000)
  region size 1024K, 6 young (6144K), 6 survivors (6144K)
 Metaspace       used 77790K, committed 78464K, reserved 1179648K
  class space    used 10903K, committed 11200K, reserved 1048576K
}
Event: 11.744 GC heap before
{Heap before GC invocations=30 (full 0):
 garbage-first heap   total 142336K, used 125673K [0x000000008c600000, 0x0000000100000000)
  region size 1024K, 80 young (81920K), 6 survivors (6144K)
 Metaspace       used 77914K, committed 78592K, reserved 1179648K
  class space    used 10907K, committed 11200K, reserved 1048576K
}
Event: 11.749 GC heap after
{Heap after GC invocations=31 (full 0):
 garbage-first heap   total 142336K, used 49025K [0x000000008c600000, 0x0000000100000000)
  region size 1024K, 5 young (5120K), 5 survivors (5120K)
 Metaspace       used 77914K, committed 78592K, reserved 1179648K
  class space    used 10907K, committed 11200K, reserved 1048576K
}
Event: 12.336 GC heap before
{Heap before GC invocations=31 (full 0):
 garbage-first heap   total 142336K, used 127873K [0x000000008c600000, 0x0000000100000000)
  region size 1024K, 82 young (83968K), 5 survivors (5120K)
 Metaspace       used 80762K, committed 81536K, reserved 1179648K
  class space    used 11241K, committed 11584K, reserved 1048576K
}
Event: 12.345 GC heap after
{Heap after GC invocations=32 (full 0):
 garbage-first heap   total 142336K, used 50385K [0x000000008c600000, 0x0000000100000000)
  region size 1024K, 8 young (8192K), 8 survivors (8192K)
 Metaspace       used 80762K, committed 81536K, reserved 1179648K
  class space    used 11241K, committed 11584K, reserved 1048576K
}

