# JRE version: OpenJDK Runtime Environment Temurin-21.0.8+9 (21.0.8+9) (build 21.0.8+9-LTS)
# Java VM: OpenJDK 64-Bit Server VM Temurin-21.0.8+9 (21.0.8+9-LTS, mixed mode, sharing, tiered, compressed oops, compressed class ptrs, g1 gc, windows-amd64)
GC Precious Log:
 CardTable entry size: 512
 Card Set container configuration: InlinePtr #cards 5 size 8 Array Of Cards #cards 12 size 40 Howl #buckets 4 coarsen threshold 1843 Howl Bitmap #cards 512 size 80 coarsen threshold 460 Card regions per heap region 1 cards per card region 2048
 CPUs: 12 total, 12 available
 Memory: 7399M
 Large Page Support: Disabled
 NUMA Support: Disabled
 Compressed Oops: Enabled (32-bit)
 Heap Region Size: 1M
 Heap Min Capacity: 8M
 Heap Initial Capacity: 116M
 Heap Max Capacity: 1850M
 Pre-touch: Disabled
 Parallel Workers: 10
 Concurrent Workers: 3
 Concurrent Refinement Workers: 10
 Periodic GC: Disabled
Heap:
 garbage-first heap   total 136192K, used 59696K [0x000000008c600000, 0x0000000100000000)
  region size 1024K, 8 young (8192K), 8 survivors (8192K)
 Metaspace       used 85404K, committed 86208K, reserved 1179648K
  class space    used 11920K, committed 12288K, reserved 1048576K
GC Heap History (20 events):
Event: 12.316 GC heap after
{Heap after GC invocations=20 (full 0):
 garbage-first heap   total 91136K, used 38052K [0x000000008c600000, 0x0000000100000000)
  region size 1024K, 3 young (3072K), 3 survivors (3072K)
 Metaspace       used 75481K, committed 76160K, reserved 1179648K
  class space    used 10587K, committed 10880K, reserved 1048576K
}
Event: 12.573 GC heap before
{Heap before GC invocations=20 (full 0):
 garbage-first heap   total 91136K, used 82084K [0x000000008c600000, 0x0000000100000000)
  region size 1024K, 46 young (47104K), 3 survivors (3072K)
 Metaspace       used 77175K, committed 77824K, reserved 1179648K
  class space    used 10834K, committed 11072K, reserved 1048576K
}
Event: 12.580 GC heap after
{Heap after GC invocations=21 (full 0):
 garbage-first heap   total 91136K, used 40186K [0x000000008c600000, 0x0000000100000000)
  region size 1024K, 5 young (5120K), 5 survivors (5120K)
 Metaspace       used 77175K, committed 77824K, reserved 1179648K
  class space    used 10834K, committed 11072K, reserved 1048576K
}
Event: 12.679 GC heap before
{Heap before GC invocations=21 (full 0):
 garbage-first heap   total 91136K, used 80122K [0x000000008c600000, 0x0000000100000000)
  region size 1024K, 44 young (45056K), 5 survivors (5120K)
 Metaspace       used 77192K, committed 77824K, reserved 1179648K
  class space    used 10835K, committed 11072K, reserved 1048576K
}
Event: 12.685 GC heap after
{Heap after GC invocations=22 (full 0):
 garbage-first heap   total 91136K, used 40246K [0x000000008c600000, 0x0000000100000000)
  region size 1024K, 3 young (3072K), 3 survivors (3072K)
 Metaspace       used 77192K, committed 77824K, reserved 1179648K
  class space    used 10835K, committed 11072K, reserved 1048576K
}
Event: 12.856 GC heap before
{Heap before GC invocations=22 (full 0):
 garbage-first heap   total 91136K, used 82230K [0x000000008c600000, 0x0000000100000000)
  region size 1024K, 44 young (45056K), 3 survivors (3072K)
 Metaspace       used 77338K, committed 78016K, reserved 1179648K
  class space    used 10849K, committed 11136K, reserved 1048576K
}
Event: 12.862 GC heap after
{Heap after GC invocations=23 (full 0):
 garbage-first heap   total 91136K, used 41080K [0x000000008c600000, 0x0000000100000000)
  region size 1024K, 4 young (4096K), 4 survivors (4096K)
 Metaspace       used 77338K, committed 78016K, reserved 1179648K
  class space    used 10849K, committed 11136K, reserved 1048576K
}
Event: 12.956 GC heap before
{Heap before GC invocations=24 (full 0):
 garbage-first heap   total 91136K, used 81016K [0x000000008c600000, 0x0000000100000000)
  region size 1024K, 43 young (44032K), 4 survivors (4096K)
 Metaspace       used 77342K, committed 78016K, reserved 1179648K
  class space    used 10850K, committed 11136K, reserved 1048576K
}
Event: 12.961 GC heap after
{Heap after GC invocations=25 (full 0):
 garbage-first heap   total 91136K, used 41132K [0x000000008c600000, 0x0000000100000000)
  region size 1024K, 3 young (3072K), 3 survivors (3072K)
 Metaspace       used 77342K, committed 78016K, reserved 1179648K
  class space    used 10850K, committed 11136K, reserved 1048576K
}
Event: 13.044 GC heap before
{Heap before GC invocations=25 (full 0):
 garbage-first heap   total 91136K, used 82092K [0x000000008c600000, 0x0000000100000000)
  region size 1024K, 43 young (44032K), 3 survivors (3072K)
 Metaspace       used 77403K, committed 78080K, reserved 1179648K
  class space    used 10856K, committed 11136K, reserved 1048576K
}
Event: 13.053 GC heap after
{Heap after GC invocations=26 (full 0):
 garbage-first heap   total 136192K, used 40739K [0x000000008c600000, 0x0000000100000000)
  region size 1024K, 3 young (3072K), 3 survivors (3072K)
 Metaspace       used 77403K, committed 78080K, reserved 1179648K
  class space    used 10856K, committed 11136K, reserved 1048576K
}
Event: 13.366 GC heap before
{Heap before GC invocations=26 (full 0):
 garbage-first heap   total 136192K, used 118563K [0x000000008c600000, 0x0000000100000000)
  region size 1024K, 79 young (80896K), 3 survivors (3072K)
 Metaspace       used 77803K, committed 78464K, reserved 1179648K
  class space    used 10899K, committed 11200K, reserved 1048576K
}
Event: 13.373 GC heap after
{Heap after GC invocations=27 (full 0):
 garbage-first heap   total 136192K, used 43008K [0x000000008c600000, 0x0000000100000000)
  region size 1024K, 5 young (5120K), 5 survivors (5120K)
 Metaspace       used 77803K, committed 78464K, reserved 1179648K
  class space    used 10899K, committed 11200K, reserved 1048576K
}
Event: 13.495 GC heap before
{Heap before GC invocations=27 (full 0):
 garbage-first heap   total 136192K, used 118784K [0x000000008c600000, 0x0000000100000000)
  region size 1024K, 79 young (80896K), 5 survivors (5120K)
 Metaspace       used 77832K, committed 78528K, reserved 1179648K
  class space    used 10906K, committed 11264K, reserved 1048576K
}
Event: 13.511 GC heap after
{Heap after GC invocations=28 (full 0):
 garbage-first heap   total 136192K, used 51168K [0x000000008c600000, 0x0000000100000000)
  region size 1024K, 10 young (10240K), 10 survivors (10240K)
 Metaspace       used 77832K, committed 78528K, reserved 1179648K
  class space    used 10906K, committed 11264K, reserved 1048576K
}
Event: 13.761 GC heap before
{Heap before GC invocations=28 (full 0):
 garbage-first heap   total 136192K, used 117728K [0x000000008c600000, 0x0000000100000000)
  region size 1024K, 75 young (76800K), 10 survivors (10240K)
 Metaspace       used 77980K, committed 78720K, reserved 1179648K
  class space    used 10913K, committed 11264K, reserved 1048576K
}
Event: 13.774 GC heap after
{Heap after GC invocations=29 (full 0):
 garbage-first heap   total 136192K, used 53693K [0x000000008c600000, 0x0000000100000000)
  region size 1024K, 2 young (2048K), 2 survivors (2048K)
 Metaspace       used 77980K, committed 78720K, reserved 1179648K
  class space    used 10913K, committed 11264K, reserved 1048576K
}
Event: 14.420 GC heap before
{Heap before GC invocations=30 (full 0):
 garbage-first heap   total 136192K, used 121277K [0x000000008c600000, 0x0000000100000000)
  region size 1024K, 68 young (69632K), 2 survivors (2048K)
 Metaspace       used 80353K, committed 81088K, reserved 1179648K
  class space    used 11181K, committed 11520K, reserved 1048576K
}
Event: 14.427 GC heap after
{Heap after GC invocations=31 (full 0):
 garbage-first heap   total 136192K, used 55976K [0x000000008c600000, 0x0000000100000000)
  region size 1024K, 5 young (5120K), 5 survivors (5120K)
 Metaspace       used 80353K, committed 81088K, reserved 1179648K
  class space    used 11181K, committed 11520K, reserved 1048576K
}
Event: 15.926 GC heap before
{Heap before GC invocations=31 (full 0):
 garbage-first heap   total 136192K, used 121512K [0x000000008c600000, 0x0000000100000000)
  region size 1024K, 69 young (70656K), 5 survivors (5120K)
 Metaspace       used 85404K, committed 86208K, reserved 1179648K
  class space    used 11920K, committed 12288K, reserved 1048576K
}

