# JRE version: OpenJDK Runtime Environment Temurin-21.0.8+9 (21.0.8+9) (build 21.0.8+9-LTS)
# Java VM: OpenJDK 64-Bit Server VM Temurin-21.0.8+9 (21.0.8+9-LTS, mixed mode, sharing, tiered, compressed oops, compressed class ptrs, g1 gc, windows-amd64)
GC Precious Log:
 CardTable entry size: 512
 Card Set container configuration: InlinePtr #cards 5 size 8 Array Of Cards #cards 12 size 40 Howl #buckets 4 coarsen threshold 1843 Howl Bitmap #cards 512 size 80 coarsen threshold 460 Card regions per heap region 1 cards per card region 2048
 CPUs: 12 total, 12 available
 Memory: 7399M
 Large Page Support: Disabled
 NUMA Support: Disabled
 Compressed Oops: Enabled (32-bit)
 Heap Region Size: 1M
 Heap Min Capacity: 8M
 Heap Initial Capacity: 116M
 Heap Max Capacity: 1850M
 Pre-touch: Disabled
 Parallel Workers: 10
 Concurrent Workers: 3
 Concurrent Refinement Workers: 10
 Periodic GC: Disabled
Heap:
 garbage-first heap   total 122880K, used 54365K [0x000000008c600000, 0x0000000100000000)
  region size 1024K, 7 young (7168K), 7 survivors (7168K)
 Metaspace       used 77984K, committed 78656K, reserved 1179648K
  class space    used 10915K, committed 11200K, reserved 1048576K
GC Heap History (20 events):
Event: 9.980 GC heap after
{Heap after GC invocations=17 (full 0):
 garbage-first heap   total 75776K, used 38586K [0x000000008c600000, 0x0000000100000000)
  region size 1024K, 3 young (3072K), 3 survivors (3072K)
 Metaspace       used 73824K, committed 74496K, reserved 1114112K
  class space    used 10220K, committed 10496K, reserved 1048576K
}
Event: 10.087 GC heap before
{Heap before GC invocations=18 (full 0):
 garbage-first heap   total 75776K, used 67258K [0x000000008c600000, 0x0000000100000000)
  region size 1024K, 31 young (31744K), 3 survivors (3072K)
 Metaspace       used 73827K, committed 74496K, reserved 1114112K
  class space    used 10221K, committed 10496K, reserved 1048576K
}
Event: 10.088 GC heap after
{Heap after GC invocations=19 (full 0):
 garbage-first heap   total 75776K, used 36522K [0x000000008c600000, 0x0000000100000000)
  region size 1024K, 1 young (1024K), 1 survivors (1024K)
 Metaspace       used 73827K, committed 74496K, reserved 1114112K
  class space    used 10221K, committed 10496K, reserved 1048576K
}
Event: 10.300 GC heap before
{Heap before GC invocations=19 (full 0):
 garbage-first heap   total 75776K, used 67242K [0x000000008c600000, 0x0000000100000000)
  region size 1024K, 31 young (31744K), 1 survivors (1024K)
 Metaspace       used 75458K, committed 76160K, reserved 1179648K
  class space    used 10588K, committed 10880K, reserved 1048576K
}
Event: 10.305 GC heap after
{Heap after GC invocations=20 (full 0):
 garbage-first heap   total 91136K, used 38411K [0x000000008c600000, 0x0000000100000000)
  region size 1024K, 3 young (3072K), 3 survivors (3072K)
 Metaspace       used 75458K, committed 76160K, reserved 1179648K
  class space    used 10588K, committed 10880K, reserved 1048576K
}
Event: 10.525 GC heap before
{Heap before GC invocations=20 (full 0):
 garbage-first heap   total 91136K, used 81419K [0x000000008c600000, 0x0000000100000000)
  region size 1024K, 45 young (46080K), 3 survivors (3072K)
 Metaspace       used 77156K, committed 77824K, reserved 1179648K
  class space    used 10838K, committed 11136K, reserved 1048576K
}
Event: 10.530 GC heap after
{Heap after GC invocations=21 (full 0):
 garbage-first heap   total 91136K, used 40540K [0x000000008c600000, 0x0000000100000000)
  region size 1024K, 5 young (5120K), 5 survivors (5120K)
 Metaspace       used 77156K, committed 77824K, reserved 1179648K
  class space    used 10838K, committed 11136K, reserved 1048576K
}
Event: 10.593 GC heap before
{Heap before GC invocations=21 (full 0):
 garbage-first heap   total 91136K, used 80476K [0x000000008c600000, 0x0000000100000000)
  region size 1024K, 44 young (45056K), 5 survivors (5120K)
 Metaspace       used 77175K, committed 77824K, reserved 1179648K
  class space    used 10838K, committed 11136K, reserved 1048576K
}
Event: 10.598 GC heap after
{Heap after GC invocations=22 (full 0):
 garbage-first heap   total 91136K, used 39964K [0x000000008c600000, 0x0000000100000000)
  region size 1024K, 3 young (3072K), 3 survivors (3072K)
 Metaspace       used 77175K, committed 77824K, reserved 1179648K
  class space    used 10838K, committed 11136K, reserved 1048576K
}
Event: 10.720 GC heap before
{Heap before GC invocations=22 (full 0):
 garbage-first heap   total 91136K, used 81948K [0x000000008c600000, 0x0000000100000000)
  region size 1024K, 44 young (45056K), 3 survivors (3072K)
 Metaspace       used 77324K, committed 78016K, reserved 1179648K
  class space    used 10851K, committed 11136K, reserved 1048576K
}
Event: 10.726 GC heap after
{Heap after GC invocations=23 (full 0):
 garbage-first heap   total 91136K, used 42220K [0x000000008c600000, 0x0000000100000000)
  region size 1024K, 5 young (5120K), 5 survivors (5120K)
 Metaspace       used 77324K, committed 78016K, reserved 1179648K
  class space    used 10851K, committed 11136K, reserved 1048576K
}
Event: 10.798 GC heap before
{Heap before GC invocations=24 (full 0):
 garbage-first heap   total 91136K, used 80108K [0x000000008c600000, 0x0000000100000000)
  region size 1024K, 42 young (43008K), 5 survivors (5120K)
 Metaspace       used 77328K, committed 78016K, reserved 1179648K
  class space    used 10852K, committed 11136K, reserved 1048576K
}
Event: 10.802 GC heap after
{Heap after GC invocations=25 (full 0):
 garbage-first heap   total 114688K, used 41376K [0x000000008c600000, 0x0000000100000000)
  region size 1024K, 2 young (2048K), 2 survivors (2048K)
 Metaspace       used 77328K, committed 78016K, reserved 1179648K
  class space    used 10852K, committed 11136K, reserved 1048576K
}
Event: 10.945 GC heap before
{Heap before GC invocations=25 (full 0):
 garbage-first heap   total 114688K, used 104864K [0x000000008c600000, 0x0000000100000000)
  region size 1024K, 64 young (65536K), 2 survivors (2048K)
 Metaspace       used 77577K, committed 78208K, reserved 1179648K
  class space    used 10870K, committed 11136K, reserved 1048576K
}
Event: 10.949 GC heap after
{Heap after GC invocations=26 (full 0):
 garbage-first heap   total 114688K, used 42035K [0x000000008c600000, 0x0000000100000000)
  region size 1024K, 3 young (3072K), 3 survivors (3072K)
 Metaspace       used 77577K, committed 78208K, reserved 1179648K
  class space    used 10870K, committed 11136K, reserved 1048576K
}
Event: 11.027 GC heap before
{Heap before GC invocations=26 (full 0):
 garbage-first heap   total 114688K, used 103475K [0x000000008c600000, 0x0000000100000000)
  region size 1024K, 63 young (64512K), 3 survivors (3072K)
 Metaspace       used 77691K, committed 78336K, reserved 1179648K
  class space    used 10893K, committed 11200K, reserved 1048576K
}
Event: 11.032 GC heap after
{Heap after GC invocations=27 (full 0):
 garbage-first heap   total 114688K, used 43552K [0x000000008c600000, 0x0000000100000000)
  region size 1024K, 5 young (5120K), 5 survivors (5120K)
 Metaspace       used 77691K, committed 78336K, reserved 1179648K
  class space    used 10893K, committed 11200K, reserved 1048576K
}
Event: 11.146 GC heap before
{Heap before GC invocations=28 (full 0):
 garbage-first heap   total 114688K, used 100896K [0x000000008c600000, 0x0000000100000000)
  region size 1024K, 61 young (62464K), 5 survivors (5120K)
 Metaspace       used 77790K, committed 78400K, reserved 1179648K
  class space    used 10909K, committed 11200K, reserved 1048576K
}
Event: 11.155 GC heap after
{Heap after GC invocations=29 (full 0):
 garbage-first heap   total 114688K, used 47491K [0x000000008c600000, 0x0000000100000000)
  region size 1024K, 8 young (8192K), 8 survivors (8192K)
 Metaspace       used 77790K, committed 78400K, reserved 1179648K
  class space    used 10909K, committed 11200K, reserved 1048576K
}
Event: 11.328 GC heap before
{Heap before GC invocations=29 (full 0):
 garbage-first heap   total 114688K, used 98691K [0x000000008c600000, 0x0000000100000000)
  region size 1024K, 58 young (59392K), 8 survivors (8192K)
 Metaspace       used 77984K, committed 78656K, reserved 1179648K
  class space    used 10915K, committed 11200K, reserved 1048576K
}

