# JRE version: OpenJDK Runtime Environment Temurin-21.0.8+9 (21.0.8+9) (build 21.0.8+9-LTS)
# Java VM: OpenJDK 64-Bit Server VM Temurin-21.0.8+9 (21.0.8+9-LTS, mixed mode, emulated-client, sharing, tiered, compressed oops, compressed class ptrs, g1 gc, windows-amd64)
GC Precious Log:
 CardTable entry size: 512
 Card Set container configuration: InlinePtr #cards 5 size 8 Array Of Cards #cards 12 size 40 Howl #buckets 4 coarsen threshold 1843 Howl Bitmap #cards 512 size 80 coarsen threshold 460 Card regions per heap region 1 cards per card region 2048
 CPUs: 12 total, 12 available
 Memory: 7399M
 Large Page Support: Disabled
 NUMA Support: Disabled
 Compressed Oops: Enabled (32-bit)
 Heap Region Size: 1M
 Heap Min Capacity: 8M
 Heap Initial Capacity: 116M
 Heap Max Capacity: 1850M
 Pre-touch: Disabled
 Parallel Workers: 10
 Concurrent Workers: 3
 Concurrent Refinement Workers: 10
 Periodic GC: Disabled
Heap:
 garbage-first heap   total 78848K, used 42238K [0x000000008c600000, 0x0000000100000000)
  region size 1024K, 2 young (2048K), 2 survivors (2048K)
 Metaspace       used 74493K, committed 75200K, reserved 1114112K
  class space    used 10953K, committed 11264K, reserved 1048576K
GC Heap History (20 events):
Event: 12.967 GC heap after
{Heap after GC invocations=10 (full 0):
 garbage-first heap   total 58368K, used 23765K [0x000000008c600000, 0x0000000100000000)
  region size 1024K, 3 young (3072K), 3 survivors (3072K)
 Metaspace       used 35433K, committed 35968K, reserved 1114112K
  class space    used 4994K, committed 5248K, reserved 1048576K
}
Event: 13.912 GC heap before
{Heap before GC invocations=11 (full 0):
 garbage-first heap   total 58368K, used 49365K [0x000000008c600000, 0x0000000100000000)
  region size 1024K, 29 young (29696K), 3 survivors (3072K)
 Metaspace       used 42716K, committed 43392K, reserved 1114112K
  class space    used 6089K, committed 6400K, reserved 1048576K
}
Event: 13.918 GC heap after
{Heap after GC invocations=12 (full 0):
 garbage-first heap   total 58368K, used 25721K [0x000000008c600000, 0x0000000100000000)
  region size 1024K, 3 young (3072K), 3 survivors (3072K)
 Metaspace       used 42716K, committed 43392K, reserved 1114112K
  class space    used 6089K, committed 6400K, reserved 1048576K
}
Event: 14.865 GC heap before
{Heap before GC invocations=12 (full 0):
 garbage-first heap   total 58368K, used 49273K [0x000000008c600000, 0x0000000100000000)
  region size 1024K, 27 young (27648K), 3 survivors (3072K)
 Metaspace       used 51442K, committed 52160K, reserved 1114112K
  class space    used 7214K, committed 7552K, reserved 1048576K
}
Event: 14.874 GC heap after
{Heap after GC invocations=13 (full 0):
 garbage-first heap   total 58368K, used 27374K [0x000000008c600000, 0x0000000100000000)
  region size 1024K, 4 young (4096K), 4 survivors (4096K)
 Metaspace       used 51442K, committed 52160K, reserved 1114112K
  class space    used 7214K, committed 7552K, reserved 1048576K
}
Event: 15.268 GC heap before
{Heap before GC invocations=13 (full 0):
 garbage-first heap   total 58368K, used 48878K [0x000000008c600000, 0x0000000100000000)
  region size 1024K, 26 young (26624K), 4 survivors (4096K)
 Metaspace       used 55735K, committed 56384K, reserved 1114112K
  class space    used 7752K, committed 8064K, reserved 1048576K
}
Event: 15.276 GC heap after
{Heap after GC invocations=14 (full 0):
 garbage-first heap   total 58368K, used 29275K [0x000000008c600000, 0x0000000100000000)
  region size 1024K, 2 young (2048K), 2 survivors (2048K)
 Metaspace       used 55735K, committed 56384K, reserved 1114112K
  class space    used 7752K, committed 8064K, reserved 1048576K
}
Event: 15.799 GC heap before
{Heap before GC invocations=14 (full 0):
 garbage-first heap   total 58368K, used 38491K [0x000000008c600000, 0x0000000100000000)
  region size 1024K, 13 young (13312K), 2 survivors (2048K)
 Metaspace       used 59555K, committed 60160K, reserved 1114112K
  class space    used 8443K, committed 8768K, reserved 1048576K
}
Event: 15.804 GC heap after
{Heap after GC invocations=15 (full 0):
 garbage-first heap   total 70656K, used 29484K [0x000000008c600000, 0x0000000100000000)
  region size 1024K, 2 young (2048K), 2 survivors (2048K)
 Metaspace       used 59555K, committed 60160K, reserved 1114112K
  class space    used 8443K, committed 8768K, reserved 1048576K
}
Event: 17.005 GC heap before
{Heap before GC invocations=16 (full 0):
 garbage-first heap   total 70656K, used 62252K [0x000000008c600000, 0x0000000100000000)
  region size 1024K, 35 young (35840K), 2 survivors (2048K)
 Metaspace       used 64415K, committed 65152K, reserved 1114112K
  class space    used 9247K, committed 9600K, reserved 1048576K
}
Event: 17.017 GC heap after
{Heap after GC invocations=17 (full 0):
 garbage-first heap   total 70656K, used 30965K [0x000000008c600000, 0x0000000100000000)
  region size 1024K, 4 young (4096K), 4 survivors (4096K)
 Metaspace       used 64415K, committed 65152K, reserved 1114112K
  class space    used 9247K, committed 9600K, reserved 1048576K
}
Event: 17.783 GC heap before
{Heap before GC invocations=17 (full 0):
 garbage-first heap   total 70656K, used 61685K [0x000000008c600000, 0x0000000100000000)
  region size 1024K, 34 young (34816K), 4 survivors (4096K)
 Metaspace       used 68905K, committed 69568K, reserved 1114112K
  class space    used 9851K, committed 10176K, reserved 1048576K
}
Event: 17.791 GC heap after
{Heap after GC invocations=18 (full 0):
 garbage-first heap   total 70656K, used 32672K [0x000000008c600000, 0x0000000100000000)
  region size 1024K, 5 young (5120K), 5 survivors (5120K)
 Metaspace       used 68905K, committed 69568K, reserved 1114112K
  class space    used 9851K, committed 10176K, reserved 1048576K
}
Event: 18.333 GC heap before
{Heap before GC invocations=18 (full 0):
 garbage-first heap   total 70656K, used 60320K [0x000000008c600000, 0x0000000100000000)
  region size 1024K, 32 young (32768K), 5 survivors (5120K)
 Metaspace       used 71403K, committed 72192K, reserved 1114112K
  class space    used 10354K, committed 10688K, reserved 1048576K
}
Event: 18.340 GC heap after
{Heap after GC invocations=19 (full 0):
 garbage-first heap   total 70656K, used 35102K [0x000000008c600000, 0x0000000100000000)
  region size 1024K, 3 young (3072K), 3 survivors (3072K)
 Metaspace       used 71403K, committed 72192K, reserved 1114112K
  class space    used 10354K, committed 10688K, reserved 1048576K
}
Event: 18.704 GC heap before
{Heap before GC invocations=19 (full 0):
 garbage-first heap   total 70656K, used 61726K [0x000000008c600000, 0x0000000100000000)
  region size 1024K, 30 young (30720K), 3 survivors (3072K)
 Metaspace       used 73204K, committed 73920K, reserved 1114112K
  class space    used 10725K, committed 11008K, reserved 1048576K
}
Event: 18.709 GC heap after
{Heap after GC invocations=20 (full 0):
 garbage-first heap   total 70656K, used 36895K [0x000000008c600000, 0x0000000100000000)
  region size 1024K, 2 young (2048K), 2 survivors (2048K)
 Metaspace       used 73204K, committed 73920K, reserved 1114112K
  class space    used 10725K, committed 11008K, reserved 1048576K
}
Event: 18.928 GC heap before
{Heap before GC invocations=21 (full 0):
 garbage-first heap   total 70656K, used 63519K [0x000000008c600000, 0x0000000100000000)
  region size 1024K, 28 young (28672K), 2 survivors (2048K)
 Metaspace       used 74493K, committed 75200K, reserved 1114112K
  class space    used 10953K, committed 11264K, reserved 1048576K
}
Event: 18.933 GC heap after
{Heap after GC invocations=22 (full 0):
 garbage-first heap   total 70656K, used 40390K [0x000000008c600000, 0x0000000100000000)
  region size 1024K, 4 young (4096K), 4 survivors (4096K)
 Metaspace       used 74493K, committed 75200K, reserved 1114112K
  class space    used 10953K, committed 11264K, reserved 1048576K
}
Event: 18.998 GC heap before
{Heap before GC invocations=22 (full 0):
 garbage-first heap   total 70656K, used 61894K [0x000000008c600000, 0x0000000100000000)
  region size 1024K, 25 young (25600K), 4 survivors (4096K)
 Metaspace       used 74493K, committed 75200K, reserved 1114112K
  class space    used 10953K, committed 11264K, reserved 1048576K
}

